VirtualBox XPCOM Server 4.3.40_Ubuntu r110317 linux.amd64 (Mar 15 2019 12:33:50) release log
00:00:00.000341 main     Log opened 2020-01-27T18:49:28.272486000Z
00:00:00.000344 main     Build Type: release
00:00:00.000351 main     OS Product: Linux
00:00:00.000354 main     OS Release: 3.13.0-170-generic
00:00:00.000356 main     OS Version: #220-Ubuntu SMP Thu May 9 12:40:49 UTC 2019
00:00:00.000417 main     DMI Product Name: VirtualBox
00:00:00.000437 main     DMI Product Version: 1.2
00:00:00.000539 main     Host RAM: 489MB total, 339MB available
00:00:00.000546 main     Executable: /usr/lib/virtualbox/VBoxSVC
00:00:00.000547 main     Process ID: 7967
00:00:00.000548 main     Package type: LINUX_64BITS_GENERIC (OSE)
00:00:00.111665 nspr-2   Home directory: '/home/vagrant/.config/VirtualBox'
00:00:00.155966 nspr-2   HostDnsMonitor: old information
00:00:00.156030 nspr-2     no server entries
00:00:00.156067 nspr-2     no search string entries
00:00:00.156153 nspr-2     no domain set
00:00:00.156180 nspr-2   HostDnsMonitor: new information
00:00:00.156208 nspr-2     server 1: 10.0.2.3
00:00:00.156239 nspr-2     no search string entries
00:00:00.156265 nspr-2     no domain set
00:00:00.156302 nspr-2   HostDnsMonitorProxy::notify
00:00:00.161618 nspr-2   VDInit finished
00:00:00.162727 nspr-2   ERROR [COM]: aRC=NS_ERROR_FAILURE (0x80004005) aIID={1254a96a-ae57-4484-946a-22d86c1f98af} aComponent={SystemProperties} aText={Cannot determine default Guest Additions ISO location. Most likely they are not available}, preserve=false
00:00:05.184160 Watcher  ERROR [COM]: aRC=E_ACCESSDENIED (0x80070005) aIID={fafa4e17-1ee2-4905-a10e-fe7c18bf5554} aComponent={VirtualBox} aText={The object is not ready}, preserve=false
